<?xml version="1.0" encoding="UTF-8"?>
<testng-results total="1" passed="1" failed="0" skipped="0">
  <reporter-output>
  </reporter-output>
  <suite started-at="2023-09-28T17:19:39Z" name="test.com.HoverTest" finished-at="2023-09-28T17:19:49Z" duration-ms="9985">
    <groups>
    </groups>
    <test started-at="2023-09-28T17:19:39Z" name="Command line test" finished-at="2023-09-28T17:19:49Z" duration-ms="9985">
      <class name="test.com.HoverTest">
        <test-method is-config="true" signature="setUpClass()[pri:0, instance:test.com.HoverTest@5bb21b69]" started-at="2023-09-28T12:19:39Z" name="setUpClass" finished-at="2023-09-28T12:19:39Z" duration-ms="6" status="PASS">
          <reporter-output>
          </reporter-output>
        </test-method> <!-- setUpClass -->
        <test-method is-config="true" signature="setUpMethod()[pri:0, instance:test.com.HoverTest@5bb21b69]" started-at="2023-09-28T12:19:39Z" name="setUpMethod" finished-at="2023-09-28T12:19:42Z" duration-ms="2510" status="PASS">
          <reporter-output>
          </reporter-output>
        </test-method> <!-- setUpMethod -->
        <test-method signature="hover()[pri:0, instance:test.com.HoverTest@5bb21b69]" started-at="2023-09-28T12:19:42Z" name="hover" finished-at="2023-09-28T12:19:49Z" duration-ms="7462" status="PASS">
          <reporter-output>
          </reporter-output>
        </test-method> <!-- hover -->
        <test-method is-config="true" signature="tearDownMethod()[pri:0, instance:test.com.HoverTest@5bb21b69]" started-at="2023-09-28T12:19:49Z" name="tearDownMethod" finished-at="2023-09-28T12:19:49Z" duration-ms="0" status="PASS">
          <reporter-output>
          </reporter-output>
        </test-method> <!-- tearDownMethod -->
        <test-method is-config="true" signature="tearDownClass()[pri:0, instance:test.com.HoverTest@5bb21b69]" started-at="2023-09-28T12:19:49Z" name="tearDownClass" finished-at="2023-09-28T12:19:49Z" duration-ms="0" status="PASS">
          <reporter-output>
          </reporter-output>
        </test-method> <!-- tearDownClass -->
      </class> <!-- test.com.HoverTest -->
    </test> <!-- Command line test -->
  </suite> <!-- test.com.HoverTest -->
</testng-results>
